<component name="libraryTable">
  <library name="JUnit">
    <CLASSES>
      <root url="jar://$PROJECT_DIR$/Java/JUnit/hamcrest-core-1.3.jar!/" />
      <root url="jar://$PROJECT_DIR$/Java/JUnit/junit-4.12.jar!/" />
    </CLASSES>
    <JAVADOC />
    <SOURCES />
  </library>
</component>